<?xml version="1.0" encoding="UTF-8"?>
<!-- Generated by org.testng.reporters.JUnitReportReporter -->
<testsuite skipped="0" hostname="LAPTOP-JHCO5B84" name="tests.Amountverify" tests="2" failures="0" timestamp="2020-06-13T13:50:37 IST" time="106.257" errors="0">
  <testcase name="amountValidation" time="51.449" classname="tests.Amountverify"/>
  <system-out/>
  <testcase name="amountValidation" time="54.808" classname="tests.Amountverify"/>
  <system-out/>
</testsuite> <!-- tests.Amountverify -->
